The system is: CYGWIN - 2.8.0(0.309/5/3) - x86_64
Compiling the CXX compiler identification source file "CMakeCXXCompilerId.cpp" succeeded.
Compiler: /usr/bin/c++.exe 
Build flags: 
Id flags: 

The output was:
0


Compilation of the CXX compiler identification source "CMakeCXXCompilerId.cpp" produced "a.exe"

The CXX compiler identification is GNU, found in "/cygdrive/c/Users/Feng/Documents/Project/SPR/occam_camera/opencv-2.4.13/CMakeFiles/3.6.2/CompilerIdCXX/a.exe"

Compiling the C compiler identification source file "CMakeCCompilerId.c" succeeded.
Compiler: /usr/bin/cc 
Build flags: 
Id flags: 

The output was:
0


Compilation of the C compiler identification source "CMakeCCompilerId.c" produced "a.exe"

The C compiler identification is GNU, found in "/cygdrive/c/Users/Feng/Documents/Project/SPR/occam_camera/opencv-2.4.13/CMakeFiles/3.6.2/CompilerIdC/a.exe"

Determining if the CXX compiler works passed with the following output:
Change Dir: /cygdrive/c/Users/Feng/Documents/Project/SPR/occam_camera/opencv-2.4.13/CMakeFiles/CMakeTmp

Run Build Command:"/usr/bin/make.exe" "cmTC_6b6e5/fast"
/usr/bin/make -f CMakeFiles/cmTC_6b6e5.dir/build.make CMakeFiles/cmTC_6b6e5.dir/build
make[1]: Entering directory '/cygdrive/c/Users/Feng/Documents/Project/SPR/occam_camera/opencv-2.4.13/CMakeFiles/CMakeTmp'
Building CXX object CMakeFiles/cmTC_6b6e5.dir/testCXXCompiler.cxx.o
/usr/bin/c++.exe      -o CMakeFiles/cmTC_6b6e5.dir/testCXXCompiler.cxx.o -c /cygdrive/c/Users/Feng/Documents/Project/SPR/occam_camera/opencv-2.4.13/CMakeFiles/CMakeTmp/testCXXCompiler.cxx
Linking CXX executable cmTC_6b6e5.exe
/usr/bin/cmake.exe -E cmake_link_script CMakeFiles/cmTC_6b6e5.dir/link.txt --verbose=1
/usr/bin/c++.exe     -Wl,--enable-auto-import  CMakeFiles/cmTC_6b6e5.dir/testCXXCompiler.cxx.o  -o cmTC_6b6e5.exe -Wl,--out-implib,libcmTC_6b6e5.dll.a -Wl,--major-image-version,0,--minor-image-version,0  
make[1]: Leaving directory '/cygdrive/c/Users/Feng/Documents/Project/SPR/occam_camera/opencv-2.4.13/CMakeFiles/CMakeTmp'


Detecting CXX compiler ABI info compiled with the following output:
Change Dir: /cygdrive/c/Users/Feng/Documents/Project/SPR/occam_camera/opencv-2.4.13/CMakeFiles/CMakeTmp

Run Build Command:"/usr/bin/make.exe" "cmTC_ed60a/fast"
/usr/bin/make -f CMakeFiles/cmTC_ed60a.dir/build.make CMakeFiles/cmTC_ed60a.dir/build
make[1]: Entering directory '/cygdrive/c/Users/Feng/Documents/Project/SPR/occam_camera/opencv-2.4.13/CMakeFiles/CMakeTmp'
Building CXX object CMakeFiles/cmTC_ed60a.dir/CMakeCXXCompilerABI.cpp.o
/usr/bin/c++.exe      -o CMakeFiles/cmTC_ed60a.dir/CMakeCXXCompilerABI.cpp.o -c /usr/share/cmake-3.6.2/Modules/CMakeCXXCompilerABI.cpp
Linking CXX executable cmTC_ed60a.exe
/usr/bin/cmake.exe -E cmake_link_script CMakeFiles/cmTC_ed60a.dir/link.txt --verbose=1
/usr/bin/c++.exe     -Wl,--enable-auto-import -v CMakeFiles/cmTC_ed60a.dir/CMakeCXXCompilerABI.cpp.o  -o cmTC_ed60a.exe -Wl,--out-implib,libcmTC_ed60a.dll.a -Wl,--major-image-version,0,--minor-image-version,0   
Using built-in specs.
COLLECT_GCC=/usr/bin/c++
COLLECT_LTO_WRAPPER=/usr/lib/gcc/x86_64-pc-cygwin/5.4.0/lto-wrapper.exe
Target: x86_64-pc-cygwin
Configured with: /cygdrive/i/szsz/tmpp/gcc/gcc-5.4.0-1.x86_64/src/gcc-5.4.0/configure --srcdir=/cygdrive/i/szsz/tmpp/gcc/gcc-5.4.0-1.x86_64/src/gcc-5.4.0 --prefix=/usr --exec-prefix=/usr --localstatedir=/var --sysconfdir=/etc --docdir=/usr/share/doc/gcc --htmldir=/usr/share/doc/gcc/html -C --build=x86_64-pc-cygwin --host=x86_64-pc-cygwin --target=x86_64-pc-cygwin --without-libiconv-prefix --without-libintl-prefix --libexecdir=/usr/lib --enable-shared --enable-shared-libgcc --enable-static --enable-version-specific-runtime-libs --enable-bootstrap --enable-__cxa_atexit --with-dwarf2 --with-tune=generic --enable-languages=ada,c,c++,fortran,lto,objc,obj-c++ --enable-graphite --enable-threads=posix --enable-libatomic --enable-libcilkrts --enable-libgomp --enable-libitm --enable-libquadmath --enable-libquadmath-support --enable-libssp --enable-libada --enable-libgcj-sublibs --disable-java-awt --disable-symvers --with-ecj-jar=/usr/share/java/ecj.jar --with-gnu-ld --with-gnu-as --with-cloog-include=/usr/include/cloog-isl --without-libiconv-prefix --without-libintl-prefix --with-system-zlib --enable-linker-build-id --with-default-libstdcxx-abi=gcc4-compatible
Thread model: posix
gcc version 5.4.0 (GCC) 
COMPILER_PATH=/usr/lib/gcc/x86_64-pc-cygwin/5.4.0/:/usr/lib/gcc/x86_64-pc-cygwin/5.4.0/:/usr/lib/gcc/x86_64-pc-cygwin/:/usr/lib/gcc/x86_64-pc-cygwin/5.4.0/:/usr/lib/gcc/x86_64-pc-cygwin/:/usr/lib/gcc/x86_64-pc-cygwin/5.4.0/../../../../x86_64-pc-cygwin/bin/
LIBRARY_PATH=/usr/lib/gcc/x86_64-pc-cygwin/5.4.0/:/usr/lib/gcc/x86_64-pc-cygwin/5.4.0/../../../../x86_64-pc-cygwin/lib/../lib/:/usr/lib/gcc/x86_64-pc-cygwin/5.4.0/../../../../lib/:/lib/../lib/:/usr/lib/../lib/:/usr/lib/gcc/x86_64-pc-cygwin/5.4.0/../../../../x86_64-pc-cygwin/lib/:/usr/lib/gcc/x86_64-pc-cygwin/5.4.0/../../../:/lib/:/usr/lib/
COLLECT_GCC_OPTIONS='-v' '-o' 'cmTC_ed60a.exe' '-shared-libgcc' '-mtune=generic' '-march=x86-64'
 /usr/lib/gcc/x86_64-pc-cygwin/5.4.0/collect2.exe -plugin /usr/lib/gcc/x86_64-pc-cygwin/5.4.0/cyglto_plugin.dll -plugin-opt=/usr/lib/gcc/x86_64-pc-cygwin/5.4.0/lto-wrapper.exe -plugin-opt=-fresolution=/tmp/ccjbwVEm.res -plugin-opt=-pass-through=-lgcc_s -plugin-opt=-pass-through=-lgcc -plugin-opt=-pass-through=-lcygwin -plugin-opt=-pass-through=-ladvapi32 -plugin-opt=-pass-through=-lshell32 -plugin-opt=-pass-through=-luser32 -plugin-opt=-pass-through=-lkernel32 -plugin-opt=-pass-through=-lgcc_s -plugin-opt=-pass-through=-lgcc --build-id -m i386pep --wrap _Znwm --wrap _Znam --wrap _ZdlPv --wrap _ZdaPv --wrap _ZnwmRKSt9nothrow_t --wrap _ZnamRKSt9nothrow_t --wrap _ZdlPvRKSt9nothrow_t --wrap _ZdaPvRKSt9nothrow_t -Bdynamic --dll-search-prefix=cyg --tsaware -o cmTC_ed60a.exe /usr/lib/gcc/x86_64-pc-cygwin/5.4.0/../../../../lib/crt0.o /usr/lib/gcc/x86_64-pc-cygwin/5.4.0/crtbegin.o -L/usr/lib/gcc/x86_64-pc-cygwin/5.4.0 -L/usr/lib/gcc/x86_64-pc-cygwin/5.4.0/../../../../x86_64-pc-cygwin/lib/../lib -L/usr/lib/gcc/x86_64-pc-cygwin/5.4.0/../../../../lib -L/lib/../lib -L/usr/lib/../lib -L/usr/lib/gcc/x86_64-pc-cygwin/5.4.0/../../../../x86_64-pc-cygwin/lib -L/usr/lib/gcc/x86_64-pc-cygwin/5.4.0/../../.. --enable-auto-import CMakeFiles/cmTC_ed60a.dir/CMakeCXXCompilerABI.cpp.o --out-implib libcmTC_ed60a.dll.a --major-image-version 0 --minor-image-version 0 -lstdc++ -lgcc_s -lgcc -lcygwin -ladvapi32 -lshell32 -luser32 -lkernel32 -lgcc_s -lgcc /usr/lib/gcc/x86_64-pc-cygwin/5.4.0/../../../../lib/default-manifest.o /usr/lib/gcc/x86_64-pc-cygwin/5.4.0/crtend.o
make[1]: Leaving directory '/cygdrive/c/Users/Feng/Documents/Project/SPR/occam_camera/opencv-2.4.13/CMakeFiles/CMakeTmp'


Parsed CXX implicit link information from above output:
  link line regex: [^( *|.*[/\])(ld\.exe|([^/\]+-)?ld|collect2)[^/\]*( |$)]
  ignore line: [Change Dir: /cygdrive/c/Users/Feng/Documents/Project/SPR/occam_camera/opencv-2.4.13/CMakeFiles/CMakeTmp]
  ignore line: []
  ignore line: [Run Build Command:"/usr/bin/make.exe" "cmTC_ed60a/fast"]
  ignore line: [/usr/bin/make -f CMakeFiles/cmTC_ed60a.dir/build.make CMakeFiles/cmTC_ed60a.dir/build]
  ignore line: [make[1]: Entering directory '/cygdrive/c/Users/Feng/Documents/Project/SPR/occam_camera/opencv-2.4.13/CMakeFiles/CMakeTmp']
  ignore line: [Building CXX object CMakeFiles/cmTC_ed60a.dir/CMakeCXXCompilerABI.cpp.o]
  ignore line: [/usr/bin/c++.exe      -o CMakeFiles/cmTC_ed60a.dir/CMakeCXXCompilerABI.cpp.o -c /usr/share/cmake-3.6.2/Modules/CMakeCXXCompilerABI.cpp]
  ignore line: [Linking CXX executable cmTC_ed60a.exe]
  ignore line: [/usr/bin/cmake.exe -E cmake_link_script CMakeFiles/cmTC_ed60a.dir/link.txt --verbose=1]
  ignore line: [/usr/bin/c++.exe     -Wl,--enable-auto-import -v CMakeFiles/cmTC_ed60a.dir/CMakeCXXCompilerABI.cpp.o  -o cmTC_ed60a.exe -Wl,--out-implib,libcmTC_ed60a.dll.a -Wl,--major-image-version,0,--minor-image-version,0   ]
  ignore line: [Using built-in specs.]
  ignore line: [COLLECT_GCC=/usr/bin/c++]
  ignore line: [COLLECT_LTO_WRAPPER=/usr/lib/gcc/x86_64-pc-cygwin/5.4.0/lto-wrapper.exe]
  ignore line: [Target: x86_64-pc-cygwin]
  ignore line: [Configured with: /cygdrive/i/szsz/tmpp/gcc/gcc-5.4.0-1.x86_64/src/gcc-5.4.0/configure --srcdir=/cygdrive/i/szsz/tmpp/gcc/gcc-5.4.0-1.x86_64/src/gcc-5.4.0 --prefix=/usr --exec-prefix=/usr --localstatedir=/var --sysconfdir=/etc --docdir=/usr/share/doc/gcc --htmldir=/usr/share/doc/gcc/html -C --build=x86_64-pc-cygwin --host=x86_64-pc-cygwin --target=x86_64-pc-cygwin --without-libiconv-prefix --without-libintl-prefix --libexecdir=/usr/lib --enable-shared --enable-shared-libgcc --enable-static --enable-version-specific-runtime-libs --enable-bootstrap --enable-__cxa_atexit --with-dwarf2 --with-tune=generic --enable-languages=ada,c,c++,fortran,lto,objc,obj-c++ --enable-graphite --enable-threads=posix --enable-libatomic --enable-libcilkrts --enable-libgomp --enable-libitm --enable-libquadmath --enable-libquadmath-support --enable-libssp --enable-libada --enable-libgcj-sublibs --disable-java-awt --disable-symvers --with-ecj-jar=/usr/share/java/ecj.jar --with-gnu-ld --with-gnu-as --with-cloog-include=/usr/include/cloog-isl --without-libiconv-prefix --without-libintl-prefix --with-system-zlib --enable-linker-build-id --with-default-libstdcxx-abi=gcc4-compatible]
  ignore line: [Thread model: posix]
  ignore line: [gcc version 5.4.0 (GCC) ]
  ignore line: [COMPILER_PATH=/usr/lib/gcc/x86_64-pc-cygwin/5.4.0/:/usr/lib/gcc/x86_64-pc-cygwin/5.4.0/:/usr/lib/gcc/x86_64-pc-cygwin/:/usr/lib/gcc/x86_64-pc-cygwin/5.4.0/:/usr/lib/gcc/x86_64-pc-cygwin/:/usr/lib/gcc/x86_64-pc-cygwin/5.4.0/../../../../x86_64-pc-cygwin/bin/]
  ignore line: [LIBRARY_PATH=/usr/lib/gcc/x86_64-pc-cygwin/5.4.0/:/usr/lib/gcc/x86_64-pc-cygwin/5.4.0/../../../../x86_64-pc-cygwin/lib/../lib/:/usr/lib/gcc/x86_64-pc-cygwin/5.4.0/../../../../lib/:/lib/../lib/:/usr/lib/../lib/:/usr/lib/gcc/x86_64-pc-cygwin/5.4.0/../../../../x86_64-pc-cygwin/lib/:/usr/lib/gcc/x86_64-pc-cygwin/5.4.0/../../../:/lib/:/usr/lib/]
  ignore line: [COLLECT_GCC_OPTIONS='-v' '-o' 'cmTC_ed60a.exe' '-shared-libgcc' '-mtune=generic' '-march=x86-64']
  link line: [ /usr/lib/gcc/x86_64-pc-cygwin/5.4.0/collect2.exe -plugin /usr/lib/gcc/x86_64-pc-cygwin/5.4.0/cyglto_plugin.dll -plugin-opt=/usr/lib/gcc/x86_64-pc-cygwin/5.4.0/lto-wrapper.exe -plugin-opt=-fresolution=/tmp/ccjbwVEm.res -plugin-opt=-pass-through=-lgcc_s -plugin-opt=-pass-through=-lgcc -plugin-opt=-pass-through=-lcygwin -plugin-opt=-pass-through=-ladvapi32 -plugin-opt=-pass-through=-lshell32 -plugin-opt=-pass-through=-luser32 -plugin-opt=-pass-through=-lkernel32 -plugin-opt=-pass-through=-lgcc_s -plugin-opt=-pass-through=-lgcc --build-id -m i386pep --wrap _Znwm --wrap _Znam --wrap _ZdlPv --wrap _ZdaPv --wrap _ZnwmRKSt9nothrow_t --wrap _ZnamRKSt9nothrow_t --wrap _ZdlPvRKSt9nothrow_t --wrap _ZdaPvRKSt9nothrow_t -Bdynamic --dll-search-prefix=cyg --tsaware -o cmTC_ed60a.exe /usr/lib/gcc/x86_64-pc-cygwin/5.4.0/../../../../lib/crt0.o /usr/lib/gcc/x86_64-pc-cygwin/5.4.0/crtbegin.o -L/usr/lib/gcc/x86_64-pc-cygwin/5.4.0 -L/usr/lib/gcc/x86_64-pc-cygwin/5.4.0/../../../../x86_64-pc-cygwin/lib/../lib -L/usr/lib/gcc/x86_64-pc-cygwin/5.4.0/../../../../lib -L/lib/../lib -L/usr/lib/../lib -L/usr/lib/gcc/x86_64-pc-cygwin/5.4.0/../../../../x86_64-pc-cygwin/lib -L/usr/lib/gcc/x86_64-pc-cygwin/5.4.0/../../.. --enable-auto-import CMakeFiles/cmTC_ed60a.dir/CMakeCXXCompilerABI.cpp.o --out-implib libcmTC_ed60a.dll.a --major-image-version 0 --minor-image-version 0 -lstdc++ -lgcc_s -lgcc -lcygwin -ladvapi32 -lshell32 -luser32 -lkernel32 -lgcc_s -lgcc /usr/lib/gcc/x86_64-pc-cygwin/5.4.0/../../../../lib/default-manifest.o /usr/lib/gcc/x86_64-pc-cygwin/5.4.0/crtend.o]
    arg [/usr/lib/gcc/x86_64-pc-cygwin/5.4.0/collect2.exe] ==> ignore
    arg [-plugin] ==> ignore
    arg [/usr/lib/gcc/x86_64-pc-cygwin/5.4.0/cyglto_plugin.dll] ==> ignore
    arg [-plugin-opt=/usr/lib/gcc/x86_64-pc-cygwin/5.4.0/lto-wrapper.exe] ==> ignore
    arg [-plugin-opt=-fresolution=/tmp/ccjbwVEm.res] ==> ignore
    arg [-plugin-opt=-pass-through=-lgcc_s] ==> ignore
    arg [-plugin-opt=-pass-through=-lgcc] ==> ignore
    arg [-plugin-opt=-pass-through=-lcygwin] ==> ignore
    arg [-plugin-opt=-pass-through=-ladvapi32] ==> ignore
    arg [-plugin-opt=-pass-through=-lshell32] ==> ignore
    arg [-plugin-opt=-pass-through=-luser32] ==> ignore
    arg [-plugin-opt=-pass-through=-lkernel32] ==> ignore
    arg [-plugin-opt=-pass-through=-lgcc_s] ==> ignore
    arg [-plugin-opt=-pass-through=-lgcc] ==> ignore
    arg [--build-id] ==> ignore
    arg [-m] ==> ignore
    arg [i386pep] ==> ignore
    arg [--wrap] ==> ignore
    arg [_Znwm] ==> ignore
    arg [--wrap] ==> ignore
    arg [_Znam] ==> ignore
    arg [--wrap] ==> ignore
    arg [_ZdlPv] ==> ignore
    arg [--wrap] ==> ignore
    arg [_ZdaPv] ==> ignore
    arg [--wrap] ==> ignore
    arg [_ZnwmRKSt9nothrow_t] ==> ignore
    arg [--wrap] ==> ignore
    arg [_ZnamRKSt9nothrow_t] ==> ignore
    arg [--wrap] ==> ignore
    arg [_ZdlPvRKSt9nothrow_t] ==> ignore
    arg [--wrap] ==> ignore
    arg [_ZdaPvRKSt9nothrow_t] ==> ignore
    arg [-Bdynamic] ==> ignore
    arg [--dll-search-prefix=cyg] ==> ignore
    arg [--tsaware] ==> ignore
    arg [-o] ==> ignore
    arg [cmTC_ed60a.exe] ==> ignore
    arg [/usr/lib/gcc/x86_64-pc-cygwin/5.4.0/../../../../lib/crt0.o] ==> ignore
    arg [/usr/lib/gcc/x86_64-pc-cygwin/5.4.0/crtbegin.o] ==> ignore
    arg [-L/usr/lib/gcc/x86_64-pc-cygwin/5.4.0] ==> dir [/usr/lib/gcc/x86_64-pc-cygwin/5.4.0]
    arg [-L/usr/lib/gcc/x86_64-pc-cygwin/5.4.0/../../../../x86_64-pc-cygwin/lib/../lib] ==> dir [/usr/lib/gcc/x86_64-pc-cygwin/5.4.0/../../../../x86_64-pc-cygwin/lib/../lib]
    arg [-L/usr/lib/gcc/x86_64-pc-cygwin/5.4.0/../../../../lib] ==> dir [/usr/lib/gcc/x86_64-pc-cygwin/5.4.0/../../../../lib]
    arg [-L/lib/../lib] ==> dir [/lib/../lib]
    arg [-L/usr/lib/../lib] ==> dir [/usr/lib/../lib]
    arg [-L/usr/lib/gcc/x86_64-pc-cygwin/5.4.0/../../../../x86_64-pc-cygwin/lib] ==> dir [/usr/lib/gcc/x86_64-pc-cygwin/5.4.0/../../../../x86_64-pc-cygwin/lib]
    arg [-L/usr/lib/gcc/x86_64-pc-cygwin/5.4.0/../../..] ==> dir [/usr/lib/gcc/x86_64-pc-cygwin/5.4.0/../../..]
    arg [--enable-auto-import] ==> ignore
    arg [CMakeFiles/cmTC_ed60a.dir/CMakeCXXCompilerABI.cpp.o] ==> ignore
    arg [--out-implib] ==> ignore
    arg [libcmTC_ed60a.dll.a] ==> ignore
    arg [--major-image-version] ==> ignore
    arg [0] ==> ignore
    arg [--minor-image-version] ==> ignore
    arg [0] ==> ignore
    arg [-lstdc++] ==> lib [stdc++]
    arg [-lgcc_s] ==> lib [gcc_s]
    arg [-lgcc] ==> lib [gcc]
    arg [-lcygwin] ==> lib [cygwin]
    arg [-ladvapi32] ==> lib [advapi32]
    arg [-lshell32] ==> lib [shell32]
    arg [-luser32] ==> lib [user32]
    arg [-lkernel32] ==> lib [kernel32]
    arg [-lgcc_s] ==> lib [gcc_s]
    arg [-lgcc] ==> lib [gcc]
    arg [/usr/lib/gcc/x86_64-pc-cygwin/5.4.0/../../../../lib/default-manifest.o] ==> ignore
    arg [/usr/lib/gcc/x86_64-pc-cygwin/5.4.0/crtend.o] ==> ignore
  remove lib [gcc_s]
  remove lib [gcc]
  remove lib [gcc_s]
  remove lib [gcc]
  collapse library dir [/usr/lib/gcc/x86_64-pc-cygwin/5.4.0] ==> [/usr/lib/gcc/x86_64-pc-cygwin/5.4.0]
  collapse library dir [/usr/lib/gcc/x86_64-pc-cygwin/5.4.0/../../../../x86_64-pc-cygwin/lib/../lib] ==> [/usr/x86_64-pc-cygwin/lib]
  collapse library dir [/usr/lib/gcc/x86_64-pc-cygwin/5.4.0/../../../../lib] ==> [/usr/lib]
  collapse library dir [/lib/../lib] ==> [/lib]
  collapse library dir [/usr/lib/../lib] ==> [/usr/lib]
  collapse library dir [/usr/lib/gcc/x86_64-pc-cygwin/5.4.0/../../../../x86_64-pc-cygwin/lib] ==> [/usr/x86_64-pc-cygwin/lib]
  collapse library dir [/usr/lib/gcc/x86_64-pc-cygwin/5.4.0/../../..] ==> [/usr/lib]
  implicit libs: [stdc++;cygwin;advapi32;shell32;user32;kernel32]
  implicit dirs: [/usr/lib/gcc/x86_64-pc-cygwin/5.4.0;/usr/x86_64-pc-cygwin/lib;/usr/lib;/lib]
  implicit fwks: []




Detecting CXX [-std=c++14] compiler features compiled with the following output:
Change Dir: /cygdrive/c/Users/Feng/Documents/Project/SPR/occam_camera/opencv-2.4.13/CMakeFiles/CMakeTmp

Run Build Command:"/usr/bin/make.exe" "cmTC_06956/fast"
/usr/bin/make -f CMakeFiles/cmTC_06956.dir/build.make CMakeFiles/cmTC_06956.dir/build
make[1]: Entering directory '/cygdrive/c/Users/Feng/Documents/Project/SPR/occam_camera/opencv-2.4.13/CMakeFiles/CMakeTmp'
Building CXX object CMakeFiles/cmTC_06956.dir/feature_tests.cxx.o
/usr/bin/c++.exe     -std=c++14 -o CMakeFiles/cmTC_06956.dir/feature_tests.cxx.o -c /cygdrive/c/Users/Feng/Documents/Project/SPR/occam_camera/opencv-2.4.13/CMakeFiles/feature_tests.cxx
Linking CXX executable cmTC_06956.exe
/usr/bin/cmake.exe -E cmake_link_script CMakeFiles/cmTC_06956.dir/link.txt --verbose=1
/usr/bin/c++.exe     -Wl,--enable-auto-import  CMakeFiles/cmTC_06956.dir/feature_tests.cxx.o  -o cmTC_06956.exe -Wl,--out-implib,libcmTC_06956.dll.a -Wl,--major-image-version,0,--minor-image-version,0  
make[1]: Leaving directory '/cygdrive/c/Users/Feng/Documents/Project/SPR/occam_camera/opencv-2.4.13/CMakeFiles/CMakeTmp'


    Feature record: CXX_FEATURE:1cxx_aggregate_default_initializers
    Feature record: CXX_FEATURE:1cxx_alias_templates
    Feature record: CXX_FEATURE:1cxx_alignas
    Feature record: CXX_FEATURE:1cxx_alignof
    Feature record: CXX_FEATURE:1cxx_attributes
    Feature record: CXX_FEATURE:1cxx_attribute_deprecated
    Feature record: CXX_FEATURE:1cxx_auto_type
    Feature record: CXX_FEATURE:1cxx_binary_literals
    Feature record: CXX_FEATURE:1cxx_constexpr
    Feature record: CXX_FEATURE:1cxx_contextual_conversions
    Feature record: CXX_FEATURE:1cxx_decltype
    Feature record: CXX_FEATURE:1cxx_decltype_auto
    Feature record: CXX_FEATURE:1cxx_decltype_incomplete_return_types
    Feature record: CXX_FEATURE:1cxx_default_function_template_args
    Feature record: CXX_FEATURE:1cxx_defaulted_functions
    Feature record: CXX_FEATURE:1cxx_defaulted_move_initializers
    Feature record: CXX_FEATURE:1cxx_delegating_constructors
    Feature record: CXX_FEATURE:1cxx_deleted_functions
    Feature record: CXX_FEATURE:1cxx_digit_separators
    Feature record: CXX_FEATURE:1cxx_enum_forward_declarations
    Feature record: CXX_FEATURE:1cxx_explicit_conversions
    Feature record: CXX_FEATURE:1cxx_extended_friend_declarations
    Feature record: CXX_FEATURE:1cxx_extern_templates
    Feature record: CXX_FEATURE:1cxx_final
    Feature record: CXX_FEATURE:1cxx_func_identifier
    Feature record: CXX_FEATURE:1cxx_generalized_initializers
    Feature record: CXX_FEATURE:1cxx_generic_lambdas
    Feature record: CXX_FEATURE:1cxx_inheriting_constructors
    Feature record: CXX_FEATURE:1cxx_inline_namespaces
    Feature record: CXX_FEATURE:1cxx_lambdas
    Feature record: CXX_FEATURE:1cxx_lambda_init_captures
    Feature record: CXX_FEATURE:1cxx_local_type_template_args
    Feature record: CXX_FEATURE:1cxx_long_long_type
    Feature record: CXX_FEATURE:1cxx_noexcept
    Feature record: CXX_FEATURE:1cxx_nonstatic_member_init
    Feature record: CXX_FEATURE:1cxx_nullptr
    Feature record: CXX_FEATURE:1cxx_override
    Feature record: CXX_FEATURE:1cxx_range_for
    Feature record: CXX_FEATURE:1cxx_raw_string_literals
    Feature record: CXX_FEATURE:1cxx_reference_qualified_functions
    Feature record: CXX_FEATURE:1cxx_relaxed_constexpr
    Feature record: CXX_FEATURE:1cxx_return_type_deduction
    Feature record: CXX_FEATURE:1cxx_right_angle_brackets
    Feature record: CXX_FEATURE:1cxx_rvalue_references
    Feature record: CXX_FEATURE:1cxx_sizeof_member
    Feature record: CXX_FEATURE:1cxx_static_assert
    Feature record: CXX_FEATURE:1cxx_strong_enums
    Feature record: CXX_FEATURE:1cxx_template_template_parameters
    Feature record: CXX_FEATURE:1cxx_thread_local
    Feature record: CXX_FEATURE:1cxx_trailing_return_types
    Feature record: CXX_FEATURE:1cxx_unicode_literals
    Feature record: CXX_FEATURE:1cxx_uniform_initialization
    Feature record: CXX_FEATURE:1cxx_unrestricted_unions
    Feature record: CXX_FEATURE:1cxx_user_literals
    Feature record: CXX_FEATURE:1cxx_variable_templates
    Feature record: CXX_FEATURE:1cxx_variadic_macros
    Feature record: CXX_FEATURE:1cxx_variadic_templates


Detecting CXX [-std=c++11] compiler features compiled with the following output:
Change Dir: /cygdrive/c/Users/Feng/Documents/Project/SPR/occam_camera/opencv-2.4.13/CMakeFiles/CMakeTmp

Run Build Command:"/usr/bin/make.exe" "cmTC_1070e/fast"
/usr/bin/make -f CMakeFiles/cmTC_1070e.dir/build.make CMakeFiles/cmTC_1070e.dir/build
make[1]: Entering directory '/cygdrive/c/Users/Feng/Documents/Project/SPR/occam_camera/opencv-2.4.13/CMakeFiles/CMakeTmp'
Building CXX object CMakeFiles/cmTC_1070e.dir/feature_tests.cxx.o
/usr/bin/c++.exe     -std=c++11 -o CMakeFiles/cmTC_1070e.dir/feature_tests.cxx.o -c /cygdrive/c/Users/Feng/Documents/Project/SPR/occam_camera/opencv-2.4.13/CMakeFiles/feature_tests.cxx
Linking CXX executable cmTC_1070e.exe
/usr/bin/cmake.exe -E cmake_link_script CMakeFiles/cmTC_1070e.dir/link.txt --verbose=1
/usr/bin/c++.exe     -Wl,--enable-auto-import  CMakeFiles/cmTC_1070e.dir/feature_tests.cxx.o  -o cmTC_1070e.exe -Wl,--out-implib,libcmTC_1070e.dll.a -Wl,--major-image-version,0,--minor-image-version,0  
make[1]: Leaving directory '/cygdrive/c/Users/Feng/Documents/Project/SPR/occam_camera/opencv-2.4.13/CMakeFiles/CMakeTmp'


    Feature record: CXX_FEATURE:0cxx_aggregate_default_initializers
    Feature record: CXX_FEATURE:1cxx_alias_templates
    Feature record: CXX_FEATURE:1cxx_alignas
    Feature record: CXX_FEATURE:1cxx_alignof
    Feature record: CXX_FEATURE:1cxx_attributes
    Feature record: CXX_FEATURE:0cxx_attribute_deprecated
    Feature record: CXX_FEATURE:1cxx_auto_type
    Feature record: CXX_FEATURE:0cxx_binary_literals
    Feature record: CXX_FEATURE:1cxx_constexpr
    Feature record: CXX_FEATURE:0cxx_contextual_conversions
    Feature record: CXX_FEATURE:1cxx_decltype
    Feature record: CXX_FEATURE:0cxx_decltype_auto
    Feature record: CXX_FEATURE:1cxx_decltype_incomplete_return_types
    Feature record: CXX_FEATURE:1cxx_default_function_template_args
    Feature record: CXX_FEATURE:1cxx_defaulted_functions
    Feature record: CXX_FEATURE:1cxx_defaulted_move_initializers
    Feature record: CXX_FEATURE:1cxx_delegating_constructors
    Feature record: CXX_FEATURE:1cxx_deleted_functions
    Feature record: CXX_FEATURE:0cxx_digit_separators
    Feature record: CXX_FEATURE:1cxx_enum_forward_declarations
    Feature record: CXX_FEATURE:1cxx_explicit_conversions
    Feature record: CXX_FEATURE:1cxx_extended_friend_declarations
    Feature record: CXX_FEATURE:1cxx_extern_templates
    Feature record: CXX_FEATURE:1cxx_final
    Feature record: CXX_FEATURE:1cxx_func_identifier
    Feature record: CXX_FEATURE:1cxx_generalized_initializers
    Feature record: CXX_FEATURE:0cxx_generic_lambdas
    Feature record: CXX_FEATURE:1cxx_inheriting_constructors
    Feature record: CXX_FEATURE:1cxx_inline_namespaces
    Feature record: CXX_FEATURE:1cxx_lambdas
    Feature record: CXX_FEATURE:0cxx_lambda_init_captures
    Feature record: CXX_FEATURE:1cxx_local_type_template_args
    Feature record: CXX_FEATURE:1cxx_long_long_type
    Feature record: CXX_FEATURE:1cxx_noexcept
    Feature record: CXX_FEATURE:1cxx_nonstatic_member_init
    Feature record: CXX_FEATURE:1cxx_nullptr
    Feature record: CXX_FEATURE:1cxx_override
    Feature record: CXX_FEATURE:1cxx_range_for
    Feature record: CXX_FEATURE:1cxx_raw_string_literals
    Feature record: CXX_FEATURE:1cxx_reference_qualified_functions
    Feature record: CXX_FEATURE:0cxx_relaxed_constexpr
    Feature record: CXX_FEATURE:0cxx_return_type_deduction
    Feature record: CXX_FEATURE:1cxx_right_angle_brackets
    Feature record: CXX_FEATURE:1cxx_rvalue_references
    Feature record: CXX_FEATURE:1cxx_sizeof_member
    Feature record: CXX_FEATURE:1cxx_static_assert
    Feature record: CXX_FEATURE:1cxx_strong_enums
    Feature record: CXX_FEATURE:1cxx_template_template_parameters
    Feature record: CXX_FEATURE:1cxx_thread_local
    Feature record: CXX_FEATURE:1cxx_trailing_return_types
    Feature record: CXX_FEATURE:1cxx_unicode_literals
    Feature record: CXX_FEATURE:1cxx_uniform_initialization
    Feature record: CXX_FEATURE:1cxx_unrestricted_unions
    Feature record: CXX_FEATURE:1cxx_user_literals
    Feature record: CXX_FEATURE:0cxx_variable_templates
    Feature record: CXX_FEATURE:1cxx_variadic_macros
    Feature record: CXX_FEATURE:1cxx_variadic_templates


Detecting CXX [-std=c++98] compiler features compiled with the following output:
Change Dir: /cygdrive/c/Users/Feng/Documents/Project/SPR/occam_camera/opencv-2.4.13/CMakeFiles/CMakeTmp

Run Build Command:"/usr/bin/make.exe" "cmTC_f8303/fast"
/usr/bin/make -f CMakeFiles/cmTC_f8303.dir/build.make CMakeFiles/cmTC_f8303.dir/build
make[1]: Entering directory '/cygdrive/c/Users/Feng/Documents/Project/SPR/occam_camera/opencv-2.4.13/CMakeFiles/CMakeTmp'
Building CXX object CMakeFiles/cmTC_f8303.dir/feature_tests.cxx.o
/usr/bin/c++.exe     -std=c++98 -o CMakeFiles/cmTC_f8303.dir/feature_tests.cxx.o -c /cygdrive/c/Users/Feng/Documents/Project/SPR/occam_camera/opencv-2.4.13/CMakeFiles/feature_tests.cxx
Linking CXX executable cmTC_f8303.exe
/usr/bin/cmake.exe -E cmake_link_script CMakeFiles/cmTC_f8303.dir/link.txt --verbose=1
/usr/bin/c++.exe     -Wl,--enable-auto-import  CMakeFiles/cmTC_f8303.dir/feature_tests.cxx.o  -o cmTC_f8303.exe -Wl,--out-implib,libcmTC_f8303.dll.a -Wl,--major-image-version,0,--minor-image-version,0  
make[1]: Leaving directory '/cygdrive/c/Users/Feng/Documents/Project/SPR/occam_camera/opencv-2.4.13/CMakeFiles/CMakeTmp'


    Feature record: CXX_FEATURE:0cxx_aggregate_default_initializers
    Feature record: CXX_FEATURE:0cxx_alias_templates
    Feature record: CXX_FEATURE:0cxx_alignas
    Feature record: CXX_FEATURE:0cxx_alignof
    Feature record: CXX_FEATURE:0cxx_attributes
    Feature record: CXX_FEATURE:0cxx_attribute_deprecated
    Feature record: CXX_FEATURE:0cxx_auto_type
    Feature record: CXX_FEATURE:0cxx_binary_literals
    Feature record: CXX_FEATURE:0cxx_constexpr
    Feature record: CXX_FEATURE:0cxx_contextual_conversions
    Feature record: CXX_FEATURE:0cxx_decltype
    Feature record: CXX_FEATURE:0cxx_decltype_auto
    Feature record: CXX_FEATURE:0cxx_decltype_incomplete_return_types
    Feature record: CXX_FEATURE:0cxx_default_function_template_args
    Feature record: CXX_FEATURE:0cxx_defaulted_functions
    Feature record: CXX_FEATURE:0cxx_defaulted_move_initializers
    Feature record: CXX_FEATURE:0cxx_delegating_constructors
    Feature record: CXX_FEATURE:0cxx_deleted_functions
    Feature record: CXX_FEATURE:0cxx_digit_separators
    Feature record: CXX_FEATURE:0cxx_enum_forward_declarations
    Feature record: CXX_FEATURE:0cxx_explicit_conversions
    Feature record: CXX_FEATURE:0cxx_extended_friend_declarations
    Feature record: CXX_FEATURE:0cxx_extern_templates
    Feature record: CXX_FEATURE:0cxx_final
    Feature record: CXX_FEATURE:0cxx_func_identifier
    Feature record: CXX_FEATURE:0cxx_generalized_initializers
    Feature record: CXX_FEATURE:0cxx_generic_lambdas
    Feature record: CXX_FEATURE:0cxx_inheriting_constructors
    Feature record: CXX_FEATURE:0cxx_inline_namespaces
    Feature record: CXX_FEATURE:0cxx_lambdas
    Feature record: CXX_FEATURE:0cxx_lambda_init_captures
    Feature record: CXX_FEATURE:0cxx_local_type_template_args
    Feature record: CXX_FEATURE:0cxx_long_long_type
    Feature record: CXX_FEATURE:0cxx_noexcept
    Feature record: CXX_FEATURE:0cxx_nonstatic_member_init
    Feature record: CXX_FEATURE:0cxx_nullptr
    Feature record: CXX_FEATURE:0cxx_override
    Feature record: CXX_FEATURE:0cxx_range_for
    Feature record: CXX_FEATURE:0cxx_raw_string_literals
    Feature record: CXX_FEATURE:0cxx_reference_qualified_functions
    Feature record: CXX_FEATURE:0cxx_relaxed_constexpr
    Feature record: CXX_FEATURE:0cxx_return_type_deduction
    Feature record: CXX_FEATURE:0cxx_right_angle_brackets
    Feature record: CXX_FEATURE:0cxx_rvalue_references
    Feature record: CXX_FEATURE:0cxx_sizeof_member
    Feature record: CXX_FEATURE:0cxx_static_assert
    Feature record: CXX_FEATURE:0cxx_strong_enums
    Feature record: CXX_FEATURE:1cxx_template_template_parameters
    Feature record: CXX_FEATURE:0cxx_thread_local
    Feature record: CXX_FEATURE:0cxx_trailing_return_types
    Feature record: CXX_FEATURE:0cxx_unicode_literals
    Feature record: CXX_FEATURE:0cxx_uniform_initialization
    Feature record: CXX_FEATURE:0cxx_unrestricted_unions
    Feature record: CXX_FEATURE:0cxx_user_literals
    Feature record: CXX_FEATURE:0cxx_variable_templates
    Feature record: CXX_FEATURE:0cxx_variadic_macros
    Feature record: CXX_FEATURE:0cxx_variadic_templates
Determining if the C compiler works passed with the following output:
Change Dir: /cygdrive/c/Users/Feng/Documents/Project/SPR/occam_camera/opencv-2.4.13/CMakeFiles/CMakeTmp

Run Build Command:"/usr/bin/make.exe" "cmTC_3deff/fast"
/usr/bin/make -f CMakeFiles/cmTC_3deff.dir/build.make CMakeFiles/cmTC_3deff.dir/build
make[1]: Entering directory '/cygdrive/c/Users/Feng/Documents/Project/SPR/occam_camera/opencv-2.4.13/CMakeFiles/CMakeTmp'
Building C object CMakeFiles/cmTC_3deff.dir/testCCompiler.c.o
/usr/bin/cc     -o CMakeFiles/cmTC_3deff.dir/testCCompiler.c.o   -c /cygdrive/c/Users/Feng/Documents/Project/SPR/occam_camera/opencv-2.4.13/CMakeFiles/CMakeTmp/testCCompiler.c
Linking C executable cmTC_3deff.exe
/usr/bin/cmake.exe -E cmake_link_script CMakeFiles/cmTC_3deff.dir/link.txt --verbose=1
/usr/bin/cc     -Wl,--enable-auto-import  CMakeFiles/cmTC_3deff.dir/testCCompiler.c.o  -o cmTC_3deff.exe -Wl,--out-implib,libcmTC_3deff.dll.a -Wl,--major-image-version,0,--minor-image-version,0  
make[1]: Leaving directory '/cygdrive/c/Users/Feng/Documents/Project/SPR/occam_camera/opencv-2.4.13/CMakeFiles/CMakeTmp'


Detecting C compiler ABI info compiled with the following output:
Change Dir: /cygdrive/c/Users/Feng/Documents/Project/SPR/occam_camera/opencv-2.4.13/CMakeFiles/CMakeTmp

Run Build Command:"/usr/bin/make.exe" "cmTC_9fdea/fast"
/usr/bin/make -f CMakeFiles/cmTC_9fdea.dir/build.make CMakeFiles/cmTC_9fdea.dir/build
make[1]: Entering directory '/cygdrive/c/Users/Feng/Documents/Project/SPR/occam_camera/opencv-2.4.13/CMakeFiles/CMakeTmp'
Building C object CMakeFiles/cmTC_9fdea.dir/CMakeCCompilerABI.c.o
/usr/bin/cc     -o CMakeFiles/cmTC_9fdea.dir/CMakeCCompilerABI.c.o   -c /usr/share/cmake-3.6.2/Modules/CMakeCCompilerABI.c
Linking C executable cmTC_9fdea.exe
/usr/bin/cmake.exe -E cmake_link_script CMakeFiles/cmTC_9fdea.dir/link.txt --verbose=1
/usr/bin/cc     -Wl,--enable-auto-import -v CMakeFiles/cmTC_9fdea.dir/CMakeCCompilerABI.c.o  -o cmTC_9fdea.exe -Wl,--out-implib,libcmTC_9fdea.dll.a -Wl,--major-image-version,0,--minor-image-version,0   
Using built-in specs.
COLLECT_GCC=/usr/bin/cc
COLLECT_LTO_WRAPPER=/usr/lib/gcc/x86_64-pc-cygwin/5.4.0/lto-wrapper.exe
Target: x86_64-pc-cygwin
Configured with: /cygdrive/i/szsz/tmpp/gcc/gcc-5.4.0-1.x86_64/src/gcc-5.4.0/configure --srcdir=/cygdrive/i/szsz/tmpp/gcc/gcc-5.4.0-1.x86_64/src/gcc-5.4.0 --prefix=/usr --exec-prefix=/usr --localstatedir=/var --sysconfdir=/etc --docdir=/usr/share/doc/gcc --htmldir=/usr/share/doc/gcc/html -C --build=x86_64-pc-cygwin --host=x86_64-pc-cygwin --target=x86_64-pc-cygwin --without-libiconv-prefix --without-libintl-prefix --libexecdir=/usr/lib --enable-shared --enable-shared-libgcc --enable-static --enable-version-specific-runtime-libs --enable-bootstrap --enable-__cxa_atexit --with-dwarf2 --with-tune=generic --enable-languages=ada,c,c++,fortran,lto,objc,obj-c++ --enable-graphite --enable-threads=posix --enable-libatomic --enable-libcilkrts --enable-libgomp --enable-libitm --enable-libquadmath --enable-libquadmath-support --enable-libssp --enable-libada --enable-libgcj-sublibs --disable-java-awt --disable-symvers --with-ecj-jar=/usr/share/java/ecj.jar --with-gnu-ld --with-gnu-as --with-cloog-include=/usr/include/cloog-isl --without-libiconv-prefix --without-libintl-prefix --with-system-zlib --enable-linker-build-id --with-default-libstdcxx-abi=gcc4-compatible
Thread model: posix
gcc version 5.4.0 (GCC) 
COMPILER_PATH=/usr/lib/gcc/x86_64-pc-cygwin/5.4.0/:/usr/lib/gcc/x86_64-pc-cygwin/5.4.0/:/usr/lib/gcc/x86_64-pc-cygwin/:/usr/lib/gcc/x86_64-pc-cygwin/5.4.0/:/usr/lib/gcc/x86_64-pc-cygwin/:/usr/lib/gcc/x86_64-pc-cygwin/5.4.0/../../../../x86_64-pc-cygwin/bin/
LIBRARY_PATH=/usr/lib/gcc/x86_64-pc-cygwin/5.4.0/:/usr/lib/gcc/x86_64-pc-cygwin/5.4.0/../../../../x86_64-pc-cygwin/lib/../lib/:/usr/lib/gcc/x86_64-pc-cygwin/5.4.0/../../../../lib/:/lib/../lib/:/usr/lib/../lib/:/usr/lib/gcc/x86_64-pc-cygwin/5.4.0/../../../../x86_64-pc-cygwin/lib/:/usr/lib/gcc/x86_64-pc-cygwin/5.4.0/../../../:/lib/:/usr/lib/
COLLECT_GCC_OPTIONS='-v' '-o' 'cmTC_9fdea.exe' '-mtune=generic' '-march=x86-64'
 /usr/lib/gcc/x86_64-pc-cygwin/5.4.0/collect2.exe -plugin /usr/lib/gcc/x86_64-pc-cygwin/5.4.0/cyglto_plugin.dll -plugin-opt=/usr/lib/gcc/x86_64-pc-cygwin/5.4.0/lto-wrapper.exe -plugin-opt=-fresolution=/tmp/cccBFltj.res -plugin-opt=-pass-through=-lgcc_s -plugin-opt=-pass-through=-lgcc -plugin-opt=-pass-through=-lcygwin -plugin-opt=-pass-through=-ladvapi32 -plugin-opt=-pass-through=-lshell32 -plugin-opt=-pass-through=-luser32 -plugin-opt=-pass-through=-lkernel32 -plugin-opt=-pass-through=-lgcc_s -plugin-opt=-pass-through=-lgcc --build-id -m i386pep --wrap _Znwm --wrap _Znam --wrap _ZdlPv --wrap _ZdaPv --wrap _ZnwmRKSt9nothrow_t --wrap _ZnamRKSt9nothrow_t --wrap _ZdlPvRKSt9nothrow_t --wrap _ZdaPvRKSt9nothrow_t -Bdynamic --dll-search-prefix=cyg --tsaware -o cmTC_9fdea.exe /usr/lib/gcc/x86_64-pc-cygwin/5.4.0/../../../../lib/crt0.o /usr/lib/gcc/x86_64-pc-cygwin/5.4.0/crtbegin.o -L/usr/lib/gcc/x86_64-pc-cygwin/5.4.0 -L/usr/lib/gcc/x86_64-pc-cygwin/5.4.0/../../../../x86_64-pc-cygwin/lib/../lib -L/usr/lib/gcc/x86_64-pc-cygwin/5.4.0/../../../../lib -L/lib/../lib -L/usr/lib/../lib -L/usr/lib/gcc/x86_64-pc-cygwin/5.4.0/../../../../x86_64-pc-cygwin/lib -L/usr/lib/gcc/x86_64-pc-cygwin/5.4.0/../../.. --enable-auto-import CMakeFiles/cmTC_9fdea.dir/CMakeCCompilerABI.c.o --out-implib libcmTC_9fdea.dll.a --major-image-version 0 --minor-image-version 0 -lgcc_s -lgcc -lcygwin -ladvapi32 -lshell32 -luser32 -lkernel32 -lgcc_s -lgcc /usr/lib/gcc/x86_64-pc-cygwin/5.4.0/../../../../lib/default-manifest.o /usr/lib/gcc/x86_64-pc-cygwin/5.4.0/crtend.o
make[1]: Leaving directory '/cygdrive/c/Users/Feng/Documents/Project/SPR/occam_camera/opencv-2.4.13/CMakeFiles/CMakeTmp'


Parsed C implicit link information from above output:
  link line regex: [^( *|.*[/\])(ld\.exe|([^/\]+-)?ld|collect2)[^/\]*( |$)]
  ignore line: [Change Dir: /cygdrive/c/Users/Feng/Documents/Project/SPR/occam_camera/opencv-2.4.13/CMakeFiles/CMakeTmp]
  ignore line: []
  ignore line: [Run Build Command:"/usr/bin/make.exe" "cmTC_9fdea/fast"]
  ignore line: [/usr/bin/make -f CMakeFiles/cmTC_9fdea.dir/build.make CMakeFiles/cmTC_9fdea.dir/build]
  ignore line: [make[1]: Entering directory '/cygdrive/c/Users/Feng/Documents/Project/SPR/occam_camera/opencv-2.4.13/CMakeFiles/CMakeTmp']
  ignore line: [Building C object CMakeFiles/cmTC_9fdea.dir/CMakeCCompilerABI.c.o]
  ignore line: [/usr/bin/cc     -o CMakeFiles/cmTC_9fdea.dir/CMakeCCompilerABI.c.o   -c /usr/share/cmake-3.6.2/Modules/CMakeCCompilerABI.c]
  ignore line: [Linking C executable cmTC_9fdea.exe]
  ignore line: [/usr/bin/cmake.exe -E cmake_link_script CMakeFiles/cmTC_9fdea.dir/link.txt --verbose=1]
  ignore line: [/usr/bin/cc     -Wl,--enable-auto-import -v CMakeFiles/cmTC_9fdea.dir/CMakeCCompilerABI.c.o  -o cmTC_9fdea.exe -Wl,--out-implib,libcmTC_9fdea.dll.a -Wl,--major-image-version,0,--minor-image-version,0   ]
  ignore line: [Using built-in specs.]
  ignore line: [COLLECT_GCC=/usr/bin/cc]
  ignore line: [COLLECT_LTO_WRAPPER=/usr/lib/gcc/x86_64-pc-cygwin/5.4.0/lto-wrapper.exe]
  ignore line: [Target: x86_64-pc-cygwin]
  ignore line: [Configured with: /cygdrive/i/szsz/tmpp/gcc/gcc-5.4.0-1.x86_64/src/gcc-5.4.0/configure --srcdir=/cygdrive/i/szsz/tmpp/gcc/gcc-5.4.0-1.x86_64/src/gcc-5.4.0 --prefix=/usr --exec-prefix=/usr --localstatedir=/var --sysconfdir=/etc --docdir=/usr/share/doc/gcc --htmldir=/usr/share/doc/gcc/html -C --build=x86_64-pc-cygwin --host=x86_64-pc-cygwin --target=x86_64-pc-cygwin --without-libiconv-prefix --without-libintl-prefix --libexecdir=/usr/lib --enable-shared --enable-shared-libgcc --enable-static --enable-version-specific-runtime-libs --enable-bootstrap --enable-__cxa_atexit --with-dwarf2 --with-tune=generic --enable-languages=ada,c,c++,fortran,lto,objc,obj-c++ --enable-graphite --enable-threads=posix --enable-libatomic --enable-libcilkrts --enable-libgomp --enable-libitm --enable-libquadmath --enable-libquadmath-support --enable-libssp --enable-libada --enable-libgcj-sublibs --disable-java-awt --disable-symvers --with-ecj-jar=/usr/share/java/ecj.jar --with-gnu-ld --with-gnu-as --with-cloog-include=/usr/include/cloog-isl --without-libiconv-prefix --without-libintl-prefix --with-system-zlib --enable-linker-build-id --with-default-libstdcxx-abi=gcc4-compatible]
  ignore line: [Thread model: posix]
  ignore line: [gcc version 5.4.0 (GCC) ]
  ignore line: [COMPILER_PATH=/usr/lib/gcc/x86_64-pc-cygwin/5.4.0/:/usr/lib/gcc/x86_64-pc-cygwin/5.4.0/:/usr/lib/gcc/x86_64-pc-cygwin/:/usr/lib/gcc/x86_64-pc-cygwin/5.4.0/:/usr/lib/gcc/x86_64-pc-cygwin/:/usr/lib/gcc/x86_64-pc-cygwin/5.4.0/../../../../x86_64-pc-cygwin/bin/]
  ignore line: [LIBRARY_PATH=/usr/lib/gcc/x86_64-pc-cygwin/5.4.0/:/usr/lib/gcc/x86_64-pc-cygwin/5.4.0/../../../../x86_64-pc-cygwin/lib/../lib/:/usr/lib/gcc/x86_64-pc-cygwin/5.4.0/../../../../lib/:/lib/../lib/:/usr/lib/../lib/:/usr/lib/gcc/x86_64-pc-cygwin/5.4.0/../../../../x86_64-pc-cygwin/lib/:/usr/lib/gcc/x86_64-pc-cygwin/5.4.0/../../../:/lib/:/usr/lib/]
  ignore line: [COLLECT_GCC_OPTIONS='-v' '-o' 'cmTC_9fdea.exe' '-mtune=generic' '-march=x86-64']
  link line: [ /usr/lib/gcc/x86_64-pc-cygwin/5.4.0/collect2.exe -plugin /usr/lib/gcc/x86_64-pc-cygwin/5.4.0/cyglto_plugin.dll -plugin-opt=/usr/lib/gcc/x86_64-pc-cygwin/5.4.0/lto-wrapper.exe -plugin-opt=-fresolution=/tmp/cccBFltj.res -plugin-opt=-pass-through=-lgcc_s -plugin-opt=-pass-through=-lgcc -plugin-opt=-pass-through=-lcygwin -plugin-opt=-pass-through=-ladvapi32 -plugin-opt=-pass-through=-lshell32 -plugin-opt=-pass-through=-luser32 -plugin-opt=-pass-through=-lkernel32 -plugin-opt=-pass-through=-lgcc_s -plugin-opt=-pass-through=-lgcc --build-id -m i386pep --wrap _Znwm --wrap _Znam --wrap _ZdlPv --wrap _ZdaPv --wrap _ZnwmRKSt9nothrow_t --wrap _ZnamRKSt9nothrow_t --wrap _ZdlPvRKSt9nothrow_t --wrap _ZdaPvRKSt9nothrow_t -Bdynamic --dll-search-prefix=cyg --tsaware -o cmTC_9fdea.exe /usr/lib/gcc/x86_64-pc-cygwin/5.4.0/../../../../lib/crt0.o /usr/lib/gcc/x86_64-pc-cygwin/5.4.0/crtbegin.o -L/usr/lib/gcc/x86_64-pc-cygwin/5.4.0 -L/usr/lib/gcc/x86_64-pc-cygwin/5.4.0/../../../../x86_64-pc-cygwin/lib/../lib -L/usr/lib/gcc/x86_64-pc-cygwin/5.4.0/../../../../lib -L/lib/../lib -L/usr/lib/../lib -L/usr/lib/gcc/x86_64-pc-cygwin/5.4.0/../../../../x86_64-pc-cygwin/lib -L/usr/lib/gcc/x86_64-pc-cygwin/5.4.0/../../.. --enable-auto-import CMakeFiles/cmTC_9fdea.dir/CMakeCCompilerABI.c.o --out-implib libcmTC_9fdea.dll.a --major-image-version 0 --minor-image-version 0 -lgcc_s -lgcc -lcygwin -ladvapi32 -lshell32 -luser32 -lkernel32 -lgcc_s -lgcc /usr/lib/gcc/x86_64-pc-cygwin/5.4.0/../../../../lib/default-manifest.o /usr/lib/gcc/x86_64-pc-cygwin/5.4.0/crtend.o]
    arg [/usr/lib/gcc/x86_64-pc-cygwin/5.4.0/collect2.exe] ==> ignore
    arg [-plugin] ==> ignore
    arg [/usr/lib/gcc/x86_64-pc-cygwin/5.4.0/cyglto_plugin.dll] ==> ignore
    arg [-plugin-opt=/usr/lib/gcc/x86_64-pc-cygwin/5.4.0/lto-wrapper.exe] ==> ignore
    arg [-plugin-opt=-fresolution=/tmp/cccBFltj.res] ==> ignore
    arg [-plugin-opt=-pass-through=-lgcc_s] ==> ignore
    arg [-plugin-opt=-pass-through=-lgcc] ==> ignore
    arg [-plugin-opt=-pass-through=-lcygwin] ==> ignore
    arg [-plugin-opt=-pass-through=-ladvapi32] ==> ignore
    arg [-plugin-opt=-pass-through=-lshell32] ==> ignore
    arg [-plugin-opt=-pass-through=-luser32] ==> ignore
    arg [-plugin-opt=-pass-through=-lkernel32] ==> ignore
    arg [-plugin-opt=-pass-through=-lgcc_s] ==> ignore
    arg [-plugin-opt=-pass-through=-lgcc] ==> ignore
    arg [--build-id] ==> ignore
    arg [-m] ==> ignore
    arg [i386pep] ==> ignore
    arg [--wrap] ==> ignore
    arg [_Znwm] ==> ignore
    arg [--wrap] ==> ignore
    arg [_Znam] ==> ignore
    arg [--wrap] ==> ignore
    arg [_ZdlPv] ==> ignore
    arg [--wrap] ==> ignore
    arg [_ZdaPv] ==> ignore
    arg [--wrap] ==> ignore
    arg [_ZnwmRKSt9nothrow_t] ==> ignore
    arg [--wrap] ==> ignore
    arg [_ZnamRKSt9nothrow_t] ==> ignore
    arg [--wrap] ==> ignore
    arg [_ZdlPvRKSt9nothrow_t] ==> ignore
    arg [--wrap] ==> ignore
    arg [_ZdaPvRKSt9nothrow_t] ==> ignore
    arg [-Bdynamic] ==> ignore
    arg [--dll-search-prefix=cyg] ==> ignore
    arg [--tsaware] ==> ignore
    arg [-o] ==> ignore
    arg [cmTC_9fdea.exe] ==> ignore
    arg [/usr/lib/gcc/x86_64-pc-cygwin/5.4.0/../../../../lib/crt0.o] ==> ignore
    arg [/usr/lib/gcc/x86_64-pc-cygwin/5.4.0/crtbegin.o] ==> ignore
    arg [-L/usr/lib/gcc/x86_64-pc-cygwin/5.4.0] ==> dir [/usr/lib/gcc/x86_64-pc-cygwin/5.4.0]
    arg [-L/usr/lib/gcc/x86_64-pc-cygwin/5.4.0/../../../../x86_64-pc-cygwin/lib/../lib] ==> dir [/usr/lib/gcc/x86_64-pc-cygwin/5.4.0/../../../../x86_64-pc-cygwin/lib/../lib]
    arg [-L/usr/lib/gcc/x86_64-pc-cygwin/5.4.0/../../../../lib] ==> dir [/usr/lib/gcc/x86_64-pc-cygwin/5.4.0/../../../../lib]
    arg [-L/lib/../lib] ==> dir [/lib/../lib]
    arg [-L/usr/lib/../lib] ==> dir [/usr/lib/../lib]
    arg [-L/usr/lib/gcc/x86_64-pc-cygwin/5.4.0/../../../../x86_64-pc-cygwin/lib] ==> dir [/usr/lib/gcc/x86_64-pc-cygwin/5.4.0/../../../../x86_64-pc-cygwin/lib]
    arg [-L/usr/lib/gcc/x86_64-pc-cygwin/5.4.0/../../..] ==> dir [/usr/lib/gcc/x86_64-pc-cygwin/5.4.0/../../..]
    arg [--enable-auto-import] ==> ignore
    arg [CMakeFiles/cmTC_9fdea.dir/CMakeCCompilerABI.c.o] ==> ignore
    arg [--out-implib] ==> ignore
    arg [libcmTC_9fdea.dll.a] ==> ignore
    arg [--major-image-version] ==> ignore
    arg [0] ==> ignore
    arg [--minor-image-version] ==> ignore
    arg [0] ==> ignore
    arg [-lgcc_s] ==> lib [gcc_s]
    arg [-lgcc] ==> lib [gcc]
    arg [-lcygwin] ==> lib [cygwin]
    arg [-ladvapi32] ==> lib [advapi32]
    arg [-lshell32] ==> lib [shell32]
    arg [-luser32] ==> lib [user32]
    arg [-lkernel32] ==> lib [kernel32]
    arg [-lgcc_s] ==> lib [gcc_s]
    arg [-lgcc] ==> lib [gcc]
    arg [/usr/lib/gcc/x86_64-pc-cygwin/5.4.0/../../../../lib/default-manifest.o] ==> ignore
    arg [/usr/lib/gcc/x86_64-pc-cygwin/5.4.0/crtend.o] ==> ignore
  remove lib [gcc_s]
  remove lib [gcc]
  remove lib [gcc_s]
  remove lib [gcc]
  collapse library dir [/usr/lib/gcc/x86_64-pc-cygwin/5.4.0] ==> [/usr/lib/gcc/x86_64-pc-cygwin/5.4.0]
  collapse library dir [/usr/lib/gcc/x86_64-pc-cygwin/5.4.0/../../../../x86_64-pc-cygwin/lib/../lib] ==> [/usr/x86_64-pc-cygwin/lib]
  collapse library dir [/usr/lib/gcc/x86_64-pc-cygwin/5.4.0/../../../../lib] ==> [/usr/lib]
  collapse library dir [/lib/../lib] ==> [/lib]
  collapse library dir [/usr/lib/../lib] ==> [/usr/lib]
  collapse library dir [/usr/lib/gcc/x86_64-pc-cygwin/5.4.0/../../../../x86_64-pc-cygwin/lib] ==> [/usr/x86_64-pc-cygwin/lib]
  collapse library dir [/usr/lib/gcc/x86_64-pc-cygwin/5.4.0/../../..] ==> [/usr/lib]
  implicit libs: [cygwin;advapi32;shell32;user32;kernel32]
  implicit dirs: [/usr/lib/gcc/x86_64-pc-cygwin/5.4.0;/usr/x86_64-pc-cygwin/lib;/usr/lib;/lib]
  implicit fwks: []




Detecting C [-std=c11] compiler features compiled with the following output:
Change Dir: /cygdrive/c/Users/Feng/Documents/Project/SPR/occam_camera/opencv-2.4.13/CMakeFiles/CMakeTmp

Run Build Command:"/usr/bin/make.exe" "cmTC_d93f5/fast"
/usr/bin/make -f CMakeFiles/cmTC_d93f5.dir/build.make CMakeFiles/cmTC_d93f5.dir/build
make[1]: Entering directory '/cygdrive/c/Users/Feng/Documents/Project/SPR/occam_camera/opencv-2.4.13/CMakeFiles/CMakeTmp'
Building C object CMakeFiles/cmTC_d93f5.dir/feature_tests.c.o
/usr/bin/cc    -std=c11 -o CMakeFiles/cmTC_d93f5.dir/feature_tests.c.o   -c /cygdrive/c/Users/Feng/Documents/Project/SPR/occam_camera/opencv-2.4.13/CMakeFiles/feature_tests.c
Linking C executable cmTC_d93f5.exe
/usr/bin/cmake.exe -E cmake_link_script CMakeFiles/cmTC_d93f5.dir/link.txt --verbose=1
/usr/bin/cc     -Wl,--enable-auto-import  CMakeFiles/cmTC_d93f5.dir/feature_tests.c.o  -o cmTC_d93f5.exe -Wl,--out-implib,libcmTC_d93f5.dll.a -Wl,--major-image-version,0,--minor-image-version,0  
make[1]: Leaving directory '/cygdrive/c/Users/Feng/Documents/Project/SPR/occam_camera/opencv-2.4.13/CMakeFiles/CMakeTmp'


    Feature record: C_FEATURE:1c_function_prototypes
    Feature record: C_FEATURE:1c_restrict
    Feature record: C_FEATURE:1c_static_assert
    Feature record: C_FEATURE:1c_variadic_macros


Detecting C [-std=c99] compiler features compiled with the following output:
Change Dir: /cygdrive/c/Users/Feng/Documents/Project/SPR/occam_camera/opencv-2.4.13/CMakeFiles/CMakeTmp

Run Build Command:"/usr/bin/make.exe" "cmTC_6e28c/fast"
/usr/bin/make -f CMakeFiles/cmTC_6e28c.dir/build.make CMakeFiles/cmTC_6e28c.dir/build
make[1]: Entering directory '/cygdrive/c/Users/Feng/Documents/Project/SPR/occam_camera/opencv-2.4.13/CMakeFiles/CMakeTmp'
Building C object CMakeFiles/cmTC_6e28c.dir/feature_tests.c.o
/usr/bin/cc    -std=c99 -o CMakeFiles/cmTC_6e28c.dir/feature_tests.c.o   -c /cygdrive/c/Users/Feng/Documents/Project/SPR/occam_camera/opencv-2.4.13/CMakeFiles/feature_tests.c
Linking C executable cmTC_6e28c.exe
/usr/bin/cmake.exe -E cmake_link_script CMakeFiles/cmTC_6e28c.dir/link.txt --verbose=1
/usr/bin/cc     -Wl,--enable-auto-import  CMakeFiles/cmTC_6e28c.dir/feature_tests.c.o  -o cmTC_6e28c.exe -Wl,--out-implib,libcmTC_6e28c.dll.a -Wl,--major-image-version,0,--minor-image-version,0  
make[1]: Leaving directory '/cygdrive/c/Users/Feng/Documents/Project/SPR/occam_camera/opencv-2.4.13/CMakeFiles/CMakeTmp'


    Feature record: C_FEATURE:1c_function_prototypes
    Feature record: C_FEATURE:1c_restrict
    Feature record: C_FEATURE:0c_static_assert
    Feature record: C_FEATURE:1c_variadic_macros


Detecting C [-std=c90] compiler features compiled with the following output:
Change Dir: /cygdrive/c/Users/Feng/Documents/Project/SPR/occam_camera/opencv-2.4.13/CMakeFiles/CMakeTmp

Run Build Command:"/usr/bin/make.exe" "cmTC_9a3c1/fast"
/usr/bin/make -f CMakeFiles/cmTC_9a3c1.dir/build.make CMakeFiles/cmTC_9a3c1.dir/build
make[1]: Entering directory '/cygdrive/c/Users/Feng/Documents/Project/SPR/occam_camera/opencv-2.4.13/CMakeFiles/CMakeTmp'
Building C object CMakeFiles/cmTC_9a3c1.dir/feature_tests.c.o
/usr/bin/cc    -std=c90 -o CMakeFiles/cmTC_9a3c1.dir/feature_tests.c.o   -c /cygdrive/c/Users/Feng/Documents/Project/SPR/occam_camera/opencv-2.4.13/CMakeFiles/feature_tests.c
Linking C executable cmTC_9a3c1.exe
/usr/bin/cmake.exe -E cmake_link_script CMakeFiles/cmTC_9a3c1.dir/link.txt --verbose=1
/usr/bin/cc     -Wl,--enable-auto-import  CMakeFiles/cmTC_9a3c1.dir/feature_tests.c.o  -o cmTC_9a3c1.exe -Wl,--out-implib,libcmTC_9a3c1.dll.a -Wl,--major-image-version,0,--minor-image-version,0  
make[1]: Leaving directory '/cygdrive/c/Users/Feng/Documents/Project/SPR/occam_camera/opencv-2.4.13/CMakeFiles/CMakeTmp'


    Feature record: C_FEATURE:1c_function_prototypes
    Feature record: C_FEATURE:0c_restrict
    Feature record: C_FEATURE:0c_static_assert
    Feature record: C_FEATURE:0c_variadic_macros
Determining if the include file pthread.h exists passed with the following output:
Change Dir: /cygdrive/c/Users/Feng/Documents/Project/SPR/occam_camera/opencv-2.4.13/CMakeFiles/CMakeTmp

Run Build Command:"/usr/bin/make.exe" "cmTC_3d670/fast"
/usr/bin/make -f CMakeFiles/cmTC_3d670.dir/build.make CMakeFiles/cmTC_3d670.dir/build
make[1]: Entering directory '/cygdrive/c/Users/Feng/Documents/Project/SPR/occam_camera/opencv-2.4.13/CMakeFiles/CMakeTmp'
Building C object CMakeFiles/cmTC_3d670.dir/CheckIncludeFile.c.o
/usr/bin/cc    -fsigned-char -W -Wall -Werror=return-type -Werror=address -Werror=sequence-point -Wformat -Werror=format-security -Wmissing-declarations -Wmissing-prototypes -Wstrict-prototypes -Wundef -Winit-self -Wpointer-arith -Wshadow -Wno-narrowing -Wno-array-bounds -Wno-aggressive-loop-optimizations -fdiagnostics-show-option -Wno-long-long -pthread -fomit-frame-pointer -msse -msse2 -msse3 -ffunction-sections  -O3 -DNDEBUG   -o CMakeFiles/cmTC_3d670.dir/CheckIncludeFile.c.o   -c /cygdrive/c/Users/Feng/Documents/Project/SPR/occam_camera/opencv-2.4.13/CMakeFiles/CMakeTmp/CheckIncludeFile.c
Linking C executable cmTC_3d670.exe
/usr/bin/cmake.exe -E cmake_link_script CMakeFiles/cmTC_3d670.dir/link.txt --verbose=1
/usr/bin/cc     -fsigned-char -W -Wall -Werror=return-type -Werror=address -Werror=sequence-point -Wformat -Werror=format-security -Wmissing-declarations -Wmissing-prototypes -Wstrict-prototypes -Wundef -Winit-self -Wpointer-arith -Wshadow -Wno-narrowing -Wno-array-bounds -Wno-aggressive-loop-optimizations -fdiagnostics-show-option -Wno-long-long -pthread -fomit-frame-pointer -msse -msse2 -msse3 -ffunction-sections  -O3 -DNDEBUG  -Wl,--enable-auto-import  CMakeFiles/cmTC_3d670.dir/CheckIncludeFile.c.o  -o cmTC_3d670.exe -Wl,--out-implib,libcmTC_3d670.dll.a -Wl,--major-image-version,0,--minor-image-version,0  
make[1]: Leaving directory '/cygdrive/c/Users/Feng/Documents/Project/SPR/occam_camera/opencv-2.4.13/CMakeFiles/CMakeTmp'


Determining if the include file sys/types.h exists passed with the following output:
Change Dir: /cygdrive/c/Users/Feng/Documents/Project/SPR/occam_camera/opencv-2.4.13/CMakeFiles/CMakeTmp

Run Build Command:"/usr/bin/make.exe" "cmTC_dc61e/fast"
/usr/bin/make -f CMakeFiles/cmTC_dc61e.dir/build.make CMakeFiles/cmTC_dc61e.dir/build
make[1]: Entering directory '/cygdrive/c/Users/Feng/Documents/Project/SPR/occam_camera/opencv-2.4.13/CMakeFiles/CMakeTmp'
Building C object CMakeFiles/cmTC_dc61e.dir/CheckIncludeFile.c.o
/usr/bin/cc    -fsigned-char -W -Wall -Werror=return-type -Werror=address -Werror=sequence-point -Wformat -Werror=format-security -Wmissing-declarations -Wmissing-prototypes -Wstrict-prototypes -Wundef -Winit-self -Wpointer-arith -Wshadow -Wno-narrowing -Wno-array-bounds -Wno-aggressive-loop-optimizations -fdiagnostics-show-option -Wno-long-long -pthread -fomit-frame-pointer -msse -msse2 -msse3 -ffunction-sections  -O3 -DNDEBUG   -o CMakeFiles/cmTC_dc61e.dir/CheckIncludeFile.c.o   -c /cygdrive/c/Users/Feng/Documents/Project/SPR/occam_camera/opencv-2.4.13/CMakeFiles/CMakeTmp/CheckIncludeFile.c
Linking C executable cmTC_dc61e.exe
/usr/bin/cmake.exe -E cmake_link_script CMakeFiles/cmTC_dc61e.dir/link.txt --verbose=1
/usr/bin/cc     -fsigned-char -W -Wall -Werror=return-type -Werror=address -Werror=sequence-point -Wformat -Werror=format-security -Wmissing-declarations -Wmissing-prototypes -Wstrict-prototypes -Wundef -Winit-self -Wpointer-arith -Wshadow -Wno-narrowing -Wno-array-bounds -Wno-aggressive-loop-optimizations -fdiagnostics-show-option -Wno-long-long -pthread -fomit-frame-pointer -msse -msse2 -msse3 -ffunction-sections  -O3 -DNDEBUG  -Wl,--enable-auto-import  CMakeFiles/cmTC_dc61e.dir/CheckIncludeFile.c.o  -o cmTC_dc61e.exe -Wl,--out-implib,libcmTC_dc61e.dll.a -Wl,--major-image-version,0,--minor-image-version,0  
make[1]: Leaving directory '/cygdrive/c/Users/Feng/Documents/Project/SPR/occam_camera/opencv-2.4.13/CMakeFiles/CMakeTmp'


Determining if the include file stdint.h exists passed with the following output:
Change Dir: /cygdrive/c/Users/Feng/Documents/Project/SPR/occam_camera/opencv-2.4.13/CMakeFiles/CMakeTmp

Run Build Command:"/usr/bin/make.exe" "cmTC_293d1/fast"
/usr/bin/make -f CMakeFiles/cmTC_293d1.dir/build.make CMakeFiles/cmTC_293d1.dir/build
make[1]: Entering directory '/cygdrive/c/Users/Feng/Documents/Project/SPR/occam_camera/opencv-2.4.13/CMakeFiles/CMakeTmp'
Building C object CMakeFiles/cmTC_293d1.dir/CheckIncludeFile.c.o
/usr/bin/cc    -fsigned-char -W -Wall -Werror=return-type -Werror=address -Werror=sequence-point -Wformat -Werror=format-security -Wmissing-declarations -Wmissing-prototypes -Wstrict-prototypes -Wundef -Winit-self -Wpointer-arith -Wshadow -Wno-narrowing -Wno-array-bounds -Wno-aggressive-loop-optimizations -fdiagnostics-show-option -Wno-long-long -pthread -fomit-frame-pointer -msse -msse2 -msse3 -ffunction-sections  -O3 -DNDEBUG   -o CMakeFiles/cmTC_293d1.dir/CheckIncludeFile.c.o   -c /cygdrive/c/Users/Feng/Documents/Project/SPR/occam_camera/opencv-2.4.13/CMakeFiles/CMakeTmp/CheckIncludeFile.c
Linking C executable cmTC_293d1.exe
/usr/bin/cmake.exe -E cmake_link_script CMakeFiles/cmTC_293d1.dir/link.txt --verbose=1
/usr/bin/cc     -fsigned-char -W -Wall -Werror=return-type -Werror=address -Werror=sequence-point -Wformat -Werror=format-security -Wmissing-declarations -Wmissing-prototypes -Wstrict-prototypes -Wundef -Winit-self -Wpointer-arith -Wshadow -Wno-narrowing -Wno-array-bounds -Wno-aggressive-loop-optimizations -fdiagnostics-show-option -Wno-long-long -pthread -fomit-frame-pointer -msse -msse2 -msse3 -ffunction-sections  -O3 -DNDEBUG  -Wl,--enable-auto-import  CMakeFiles/cmTC_293d1.dir/CheckIncludeFile.c.o  -o cmTC_293d1.exe -Wl,--out-implib,libcmTC_293d1.dll.a -Wl,--major-image-version,0,--minor-image-version,0  
make[1]: Leaving directory '/cygdrive/c/Users/Feng/Documents/Project/SPR/occam_camera/opencv-2.4.13/CMakeFiles/CMakeTmp'


Determining if the include file stddef.h exists passed with the following output:
Change Dir: /cygdrive/c/Users/Feng/Documents/Project/SPR/occam_camera/opencv-2.4.13/CMakeFiles/CMakeTmp

Run Build Command:"/usr/bin/make.exe" "cmTC_b5a49/fast"
/usr/bin/make -f CMakeFiles/cmTC_b5a49.dir/build.make CMakeFiles/cmTC_b5a49.dir/build
make[1]: Entering directory '/cygdrive/c/Users/Feng/Documents/Project/SPR/occam_camera/opencv-2.4.13/CMakeFiles/CMakeTmp'
Building C object CMakeFiles/cmTC_b5a49.dir/CheckIncludeFile.c.o
/usr/bin/cc    -fsigned-char -W -Wall -Werror=return-type -Werror=address -Werror=sequence-point -Wformat -Werror=format-security -Wmissing-declarations -Wmissing-prototypes -Wstrict-prototypes -Wundef -Winit-self -Wpointer-arith -Wshadow -Wno-narrowing -Wno-array-bounds -Wno-aggressive-loop-optimizations -fdiagnostics-show-option -Wno-long-long -pthread -fomit-frame-pointer -msse -msse2 -msse3 -ffunction-sections  -O3 -DNDEBUG   -o CMakeFiles/cmTC_b5a49.dir/CheckIncludeFile.c.o   -c /cygdrive/c/Users/Feng/Documents/Project/SPR/occam_camera/opencv-2.4.13/CMakeFiles/CMakeTmp/CheckIncludeFile.c
Linking C executable cmTC_b5a49.exe
/usr/bin/cmake.exe -E cmake_link_script CMakeFiles/cmTC_b5a49.dir/link.txt --verbose=1
/usr/bin/cc     -fsigned-char -W -Wall -Werror=return-type -Werror=address -Werror=sequence-point -Wformat -Werror=format-security -Wmissing-declarations -Wmissing-prototypes -Wstrict-prototypes -Wundef -Winit-self -Wpointer-arith -Wshadow -Wno-narrowing -Wno-array-bounds -Wno-aggressive-loop-optimizations -fdiagnostics-show-option -Wno-long-long -pthread -fomit-frame-pointer -msse -msse2 -msse3 -ffunction-sections  -O3 -DNDEBUG  -Wl,--enable-auto-import  CMakeFiles/cmTC_b5a49.dir/CheckIncludeFile.c.o  -o cmTC_b5a49.exe -Wl,--out-implib,libcmTC_b5a49.dll.a -Wl,--major-image-version,0,--minor-image-version,0  
make[1]: Leaving directory '/cygdrive/c/Users/Feng/Documents/Project/SPR/occam_camera/opencv-2.4.13/CMakeFiles/CMakeTmp'


Determining size of unsigned short passed with the following output:
Change Dir: /cygdrive/c/Users/Feng/Documents/Project/SPR/occam_camera/opencv-2.4.13/CMakeFiles/CMakeTmp

Run Build Command:"/usr/bin/make.exe" "cmTC_90733/fast"
/usr/bin/make -f CMakeFiles/cmTC_90733.dir/build.make CMakeFiles/cmTC_90733.dir/build
make[1]: Entering directory '/cygdrive/c/Users/Feng/Documents/Project/SPR/occam_camera/opencv-2.4.13/CMakeFiles/CMakeTmp'
Building C object CMakeFiles/cmTC_90733.dir/CMAKE_SIZEOF_UNSIGNED_SHORT.c.o
/usr/bin/cc    -fsigned-char -W -Wall -Werror=return-type -Werror=address -Werror=sequence-point -Wformat -Werror=format-security -Wmissing-declarations -Wmissing-prototypes -Wstrict-prototypes -Wundef -Winit-self -Wpointer-arith -Wshadow -Wno-narrowing -Wno-array-bounds -Wno-aggressive-loop-optimizations -fdiagnostics-show-option -Wno-long-long -pthread -fomit-frame-pointer -msse -msse2 -msse3 -ffunction-sections  -O3 -DNDEBUG   -o CMakeFiles/cmTC_90733.dir/CMAKE_SIZEOF_UNSIGNED_SHORT.c.o   -c /cygdrive/c/Users/Feng/Documents/Project/SPR/occam_camera/opencv-2.4.13/CMakeFiles/CheckTypeSize/CMAKE_SIZEOF_UNSIGNED_SHORT.c
Linking C executable cmTC_90733.exe
/usr/bin/cmake.exe -E cmake_link_script CMakeFiles/cmTC_90733.dir/link.txt --verbose=1
/usr/bin/cc     -fsigned-char -W -Wall -Werror=return-type -Werror=address -Werror=sequence-point -Wformat -Werror=format-security -Wmissing-declarations -Wmissing-prototypes -Wstrict-prototypes -Wundef -Winit-self -Wpointer-arith -Wshadow -Wno-narrowing -Wno-array-bounds -Wno-aggressive-loop-optimizations -fdiagnostics-show-option -Wno-long-long -pthread -fomit-frame-pointer -msse -msse2 -msse3 -ffunction-sections  -O3 -DNDEBUG  -Wl,--enable-auto-import  CMakeFiles/cmTC_90733.dir/CMAKE_SIZEOF_UNSIGNED_SHORT.c.o  -o cmTC_90733.exe -Wl,--out-implib,libcmTC_90733.dll.a -Wl,--major-image-version,0,--minor-image-version,0  
make[1]: Leaving directory '/cygdrive/c/Users/Feng/Documents/Project/SPR/occam_camera/opencv-2.4.13/CMakeFiles/CMakeTmp'


Determining if the system is big endian passed with the following output:
Change Dir: /cygdrive/c/Users/Feng/Documents/Project/SPR/occam_camera/opencv-2.4.13/CMakeFiles/CMakeTmp

Run Build Command:"/usr/bin/make.exe" "cmTC_36944/fast"
/usr/bin/make -f CMakeFiles/cmTC_36944.dir/build.make CMakeFiles/cmTC_36944.dir/build
make[1]: Entering directory '/cygdrive/c/Users/Feng/Documents/Project/SPR/occam_camera/opencv-2.4.13/CMakeFiles/CMakeTmp'
Building C object CMakeFiles/cmTC_36944.dir/TestEndianess.c.o
/usr/bin/cc    -fsigned-char -W -Wall -Werror=return-type -Werror=address -Werror=sequence-point -Wformat -Werror=format-security -Wmissing-declarations -Wmissing-prototypes -Wstrict-prototypes -Wundef -Winit-self -Wpointer-arith -Wshadow -Wno-narrowing -Wno-array-bounds -Wno-aggressive-loop-optimizations -fdiagnostics-show-option -Wno-long-long -pthread -fomit-frame-pointer -msse -msse2 -msse3 -ffunction-sections  -O3 -DNDEBUG   -o CMakeFiles/cmTC_36944.dir/TestEndianess.c.o   -c /cygdrive/c/Users/Feng/Documents/Project/SPR/occam_camera/opencv-2.4.13/CMakeFiles/CMakeTmp/TestEndianess.c
Linking C executable cmTC_36944.exe
/usr/bin/cmake.exe -E cmake_link_script CMakeFiles/cmTC_36944.dir/link.txt --verbose=1
/usr/bin/cc     -fsigned-char -W -Wall -Werror=return-type -Werror=address -Werror=sequence-point -Wformat -Werror=format-security -Wmissing-declarations -Wmissing-prototypes -Wstrict-prototypes -Wundef -Winit-self -Wpointer-arith -Wshadow -Wno-narrowing -Wno-array-bounds -Wno-aggressive-loop-optimizations -fdiagnostics-show-option -Wno-long-long -pthread -fomit-frame-pointer -msse -msse2 -msse3 -ffunction-sections  -O3 -DNDEBUG  -Wl,--enable-auto-import  CMakeFiles/cmTC_36944.dir/TestEndianess.c.o  -o cmTC_36944.exe -Wl,--out-implib,libcmTC_36944.dll.a -Wl,--major-image-version,0,--minor-image-version,0  
make[1]: Leaving directory '/cygdrive/c/Users/Feng/Documents/Project/SPR/occam_camera/opencv-2.4.13/CMakeFiles/CMakeTmp'

TestEndianess.c:
/* A 16 bit integer is required. */
typedef unsigned short cmakeint16;

/* On a little endian machine, these 16bit ints will give "THIS IS LITTLE ENDIAN."
   On a big endian machine the characters will be exchanged pairwise. */
const cmakeint16 info_little[] =  {0x4854, 0x5349, 0x4920, 0x2053, 0x494c, 0x5454, 0x454c, 0x4520, 0x444e, 0x4149, 0x2e4e, 0x0000};

/* on a big endian machine, these 16bit ints will give "THIS IS BIG ENDIAN."
   On a little endian machine the characters will be exchanged pairwise. */
const cmakeint16 info_big[] =     {0x5448, 0x4953, 0x2049, 0x5320, 0x4249, 0x4720, 0x454e, 0x4449, 0x414e, 0x2e2e, 0x0000};

#ifdef __CLASSIC_C__
int main(argc, argv) int argc; char *argv[];
#else
int main(int argc, char *argv[])
#endif
{
  int require = 0;
  require += info_little[argc];
  require += info_big[argc];
  (void)argv;
  return require;
}


Determining if the include file libavformat/avformat.h exists passed with the following output:
Change Dir: /cygdrive/c/Users/Feng/Documents/Project/SPR/occam_camera/opencv-2.4.13/CMakeFiles/CMakeTmp

Run Build Command:"/usr/bin/make.exe" "cmTC_0ef0f/fast"
/usr/bin/make -f CMakeFiles/cmTC_0ef0f.dir/build.make CMakeFiles/cmTC_0ef0f.dir/build
make[1]: Entering directory '/cygdrive/c/Users/Feng/Documents/Project/SPR/occam_camera/opencv-2.4.13/CMakeFiles/CMakeTmp'
Building C object CMakeFiles/cmTC_0ef0f.dir/CheckIncludeFile.c.o
/usr/bin/cc    -fsigned-char -W -Wall -Werror=return-type -Werror=address -Werror=sequence-point -Wformat -Werror=format-security -Wmissing-declarations -Wmissing-prototypes -Wstrict-prototypes -Wundef -Winit-self -Wpointer-arith -Wshadow -Wno-narrowing -Wno-array-bounds -Wno-aggressive-loop-optimizations -fdiagnostics-show-option -Wno-long-long -pthread -fomit-frame-pointer -msse -msse2 -msse3 -ffunction-sections  -O3 -DNDEBUG   -o CMakeFiles/cmTC_0ef0f.dir/CheckIncludeFile.c.o   -c /cygdrive/c/Users/Feng/Documents/Project/SPR/occam_camera/opencv-2.4.13/CMakeFiles/CMakeTmp/CheckIncludeFile.c
Linking C executable cmTC_0ef0f.exe
/usr/bin/cmake.exe -E cmake_link_script CMakeFiles/cmTC_0ef0f.dir/link.txt --verbose=1
/usr/bin/cc     -fsigned-char -W -Wall -Werror=return-type -Werror=address -Werror=sequence-point -Wformat -Werror=format-security -Wmissing-declarations -Wmissing-prototypes -Wstrict-prototypes -Wundef -Winit-self -Wpointer-arith -Wshadow -Wno-narrowing -Wno-array-bounds -Wno-aggressive-loop-optimizations -fdiagnostics-show-option -Wno-long-long -pthread -fomit-frame-pointer -msse -msse2 -msse3 -ffunction-sections  -O3 -DNDEBUG  -Wl,--enable-auto-import  CMakeFiles/cmTC_0ef0f.dir/CheckIncludeFile.c.o  -o cmTC_0ef0f.exe -Wl,--out-implib,libcmTC_0ef0f.dll.a -Wl,--major-image-version,0,--minor-image-version,0  
make[1]: Leaving directory '/cygdrive/c/Users/Feng/Documents/Project/SPR/occam_camera/opencv-2.4.13/CMakeFiles/CMakeTmp'


Determining if the include file libavformat/avformat.h exists passed with the following output:
Change Dir: /cygdrive/c/Users/Feng/Documents/Project/SPR/occam_camera/opencv-2.4.13/CMakeFiles/CMakeTmp

Run Build Command:"/usr/bin/make.exe" "cmTC_5f55d/fast"
/usr/bin/make -f CMakeFiles/cmTC_5f55d.dir/build.make CMakeFiles/cmTC_5f55d.dir/build
make[1]: Entering directory '/cygdrive/c/Users/Feng/Documents/Project/SPR/occam_camera/opencv-2.4.13/CMakeFiles/CMakeTmp'
Building C object CMakeFiles/cmTC_5f55d.dir/CheckIncludeFile.c.o
/usr/bin/cc    -fsigned-char -W -Wall -Werror=return-type -Werror=address -Werror=sequence-point -Wformat -Werror=format-security -Wmissing-declarations -Wmissing-prototypes -Wstrict-prototypes -Wundef -Winit-self -Wpointer-arith -Wshadow -Wno-narrowing -Wno-array-bounds -Wno-aggressive-loop-optimizations -fdiagnostics-show-option -Wno-long-long -pthread -fomit-frame-pointer -msse -msse2 -msse3 -ffunction-sections  -O3 -DNDEBUG   -o CMakeFiles/cmTC_5f55d.dir/CheckIncludeFile.c.o   -c /cygdrive/c/Users/Feng/Documents/Project/SPR/occam_camera/opencv-2.4.13/CMakeFiles/CMakeTmp/CheckIncludeFile.c
Linking C executable cmTC_5f55d.exe
/usr/bin/cmake.exe -E cmake_link_script CMakeFiles/cmTC_5f55d.dir/link.txt --verbose=1
/usr/bin/cc     -fsigned-char -W -Wall -Werror=return-type -Werror=address -Werror=sequence-point -Wformat -Werror=format-security -Wmissing-declarations -Wmissing-prototypes -Wstrict-prototypes -Wundef -Winit-self -Wpointer-arith -Wshadow -Wno-narrowing -Wno-array-bounds -Wno-aggressive-loop-optimizations -fdiagnostics-show-option -Wno-long-long -pthread -fomit-frame-pointer -msse -msse2 -msse3 -ffunction-sections  -O3 -DNDEBUG  -Wl,--enable-auto-import  CMakeFiles/cmTC_5f55d.dir/CheckIncludeFile.c.o  -o cmTC_5f55d.exe -Wl,--out-implib,libcmTC_5f55d.dll.a -Wl,--major-image-version,0,--minor-image-version,0  
make[1]: Leaving directory '/cygdrive/c/Users/Feng/Documents/Project/SPR/occam_camera/opencv-2.4.13/CMakeFiles/CMakeTmp'


Determining if the include file libavformat/avformat.h exists passed with the following output:
Change Dir: /cygdrive/c/Users/Feng/Documents/Project/SPR/occam_camera/opencv-2.4.13/CMakeFiles/CMakeTmp

Run Build Command:"/usr/bin/make.exe" "cmTC_c7d9a/fast"
/usr/bin/make -f CMakeFiles/cmTC_c7d9a.dir/build.make CMakeFiles/cmTC_c7d9a.dir/build
make[1]: Entering directory '/cygdrive/c/Users/Feng/Documents/Project/SPR/occam_camera/opencv-2.4.13/CMakeFiles/CMakeTmp'
Building C object CMakeFiles/cmTC_c7d9a.dir/CheckIncludeFile.c.o
/usr/bin/cc    -fsigned-char -W -Wall -Werror=return-type -Werror=address -Werror=sequence-point -Wformat -Werror=format-security -Wmissing-declarations -Wmissing-prototypes -Wstrict-prototypes -Wundef -Winit-self -Wpointer-arith -Wshadow -Wno-narrowing -Wno-array-bounds -Wno-aggressive-loop-optimizations -fdiagnostics-show-option -Wno-long-long -pthread -fomit-frame-pointer -msse -msse2 -msse3 -ffunction-sections  -O3 -DNDEBUG   -o CMakeFiles/cmTC_c7d9a.dir/CheckIncludeFile.c.o   -c /cygdrive/c/Users/Feng/Documents/Project/SPR/occam_camera/opencv-2.4.13/CMakeFiles/CMakeTmp/CheckIncludeFile.c
Linking C executable cmTC_c7d9a.exe
/usr/bin/cmake.exe -E cmake_link_script CMakeFiles/cmTC_c7d9a.dir/link.txt --verbose=1
/usr/bin/cc     -fsigned-char -W -Wall -Werror=return-type -Werror=address -Werror=sequence-point -Wformat -Werror=format-security -Wmissing-declarations -Wmissing-prototypes -Wstrict-prototypes -Wundef -Winit-self -Wpointer-arith -Wshadow -Wno-narrowing -Wno-array-bounds -Wno-aggressive-loop-optimizations -fdiagnostics-show-option -Wno-long-long -pthread -fomit-frame-pointer -msse -msse2 -msse3 -ffunction-sections  -O3 -DNDEBUG  -Wl,--enable-auto-import  CMakeFiles/cmTC_c7d9a.dir/CheckIncludeFile.c.o  -o cmTC_c7d9a.exe -Wl,--out-implib,libcmTC_c7d9a.dll.a -Wl,--major-image-version,0,--minor-image-version,0  
make[1]: Leaving directory '/cygdrive/c/Users/Feng/Documents/Project/SPR/occam_camera/opencv-2.4.13/CMakeFiles/CMakeTmp'


Determining if the include file libavformat/avformat.h exists passed with the following output:
Change Dir: /cygdrive/c/Users/Feng/Documents/Project/SPR/occam_camera/opencv-2.4.13/CMakeFiles/CMakeTmp

Run Build Command:"/usr/bin/make.exe" "cmTC_21cf5/fast"
/usr/bin/make -f CMakeFiles/cmTC_21cf5.dir/build.make CMakeFiles/cmTC_21cf5.dir/build
make[1]: Entering directory '/cygdrive/c/Users/Feng/Documents/Project/SPR/occam_camera/opencv-2.4.13/CMakeFiles/CMakeTmp'
Building C object CMakeFiles/cmTC_21cf5.dir/CheckIncludeFile.c.o
/usr/bin/cc    -fsigned-char -W -Wall -Werror=return-type -Werror=address -Werror=sequence-point -Wformat -Werror=format-security -Wmissing-declarations -Wmissing-prototypes -Wstrict-prototypes -Wundef -Winit-self -Wpointer-arith -Wshadow -Wno-narrowing -Wno-array-bounds -Wno-aggressive-loop-optimizations -fdiagnostics-show-option -Wno-long-long -pthread -fomit-frame-pointer -msse -msse2 -msse3 -ffunction-sections  -O3 -DNDEBUG   -o CMakeFiles/cmTC_21cf5.dir/CheckIncludeFile.c.o   -c /cygdrive/c/Users/Feng/Documents/Project/SPR/occam_camera/opencv-2.4.13/CMakeFiles/CMakeTmp/CheckIncludeFile.c
Linking C executable cmTC_21cf5.exe
/usr/bin/cmake.exe -E cmake_link_script CMakeFiles/cmTC_21cf5.dir/link.txt --verbose=1
/usr/bin/cc     -fsigned-char -W -Wall -Werror=return-type -Werror=address -Werror=sequence-point -Wformat -Werror=format-security -Wmissing-declarations -Wmissing-prototypes -Wstrict-prototypes -Wundef -Winit-self -Wpointer-arith -Wshadow -Wno-narrowing -Wno-array-bounds -Wno-aggressive-loop-optimizations -fdiagnostics-show-option -Wno-long-long -pthread -fomit-frame-pointer -msse -msse2 -msse3 -ffunction-sections  -O3 -DNDEBUG  -Wl,--enable-auto-import  CMakeFiles/cmTC_21cf5.dir/CheckIncludeFile.c.o  -o cmTC_21cf5.exe -Wl,--out-implib,libcmTC_21cf5.dll.a -Wl,--major-image-version,0,--minor-image-version,0  
make[1]: Leaving directory '/cygdrive/c/Users/Feng/Documents/Project/SPR/occam_camera/opencv-2.4.13/CMakeFiles/CMakeTmp'


